生成启动时间为 2019/11/4 1:17:12。
     1>项目“E:\MFC\YYX_EXAM1_1\YYX_EXAM1_1\YYX_EXAM1_1.vcxproj”在节点 2 上(Build 个目标)。
     1>ClCompile:
         E:\vs2019\vs2019\VC\bin\CL.exe /c /ZI /nologo /W3 /WX- /sdl /Od /Oy- /D WIN32 /D _WINDOWS /D _DEBUG /D _UNICODE /D UNICODE /D _AFXDLL /Gm /EHsc /RTC1 /MDd /GS /fp:precise /Zc:wchar_t /Zc:forScope /Yu"stdafx.h" /Fp"Debug\YYX_EXAM1_1.pch" /Fo"Debug\\" /Fd"Debug\vc110.pdb" /Gd /TP /analyze- /errorReport:prompt Chart.cpp
         Chart.cpp
       Link:
         E:\vs2019\vs2019\VC\bin\link.exe /ERRORREPORT:PROMPT /OUT:"E:\MFC\YYX_EXAM1_1\Debug\YYX_EXAM1_1.exe" /INCREMENTAL /NOLOGO /MANIFEST /MANIFESTUAC:"level='asInvoker' uiAccess='false'" /manifest:embed /manifestinput:E:\vs2019\vs2019\VC\Include\Manifest\dpiaware.manifest /DEBUG /PDB:"E:\MFC\YYX_EXAM1_1\Debug\YYX_EXAM1_1.pdb" /SUBSYSTEM:WINDOWS /TLBID:1 /ENTRY:"wWinMainCRTStartup" /DYNAMICBASE /NXCOMPAT /IMPLIB:"E:\MFC\YYX_EXAM1_1\Debug\YYX_EXAM1_1.lib" /MACHINE:X86 Debug\YYX_EXAM1_1.res
         Debug\Amusement.obj
         Debug\Chart.obj
         Debug\Cloth.obj
         Debug\Consume.obj
         Debug\Diet.obj
         Debug\Education.obj
         Debug\Loan.obj
         Debug\MainFrm.obj
         Debug\stdafx.obj
         Debug\YYX_EXAM1_1.obj
         Debug\YYX_EXAM1_1Doc.obj
         Debug\YYX_EXAM1_1View.obj
         YYX_EXAM1_1.vcxproj -> E:\MFC\YYX_EXAM1_1\Debug\YYX_EXAM1_1.exe
     1>已完成生成项目“E:\MFC\YYX_EXAM1_1\YYX_EXAM1_1\YYX_EXAM1_1.vcxproj”(Build 个目标)的操作。

生成成功。

已用时间 00:00:00.52
